<?xml version="1.0" encoding="UTF-8"?>
<!-- Generated by org.testng.reporters.JUnitReportReporter -->
<testsuite hostname="DESKTOP-SN6P466" failures="0" tests="1" name="ghmodule.loginPage" time="7.322" errors="0" timestamp="2022-11-16T16:51:23 IST" skipped="0">
  <testcase classname="ghmodule.loginPage" name="Alertwithoktest" time="7.322"/>
  <system-out/>
</testsuite> <!-- ghmodule.loginPage -->
